<?xml version="1.0" encoding="utf-8"?><testsuites name="pytest tests"><testsuite name="pytest" errors="0" failures="0" skipped="0" tests="11" time="2.338" timestamp="2026-03-27T21:58:04.485295+00:00" hostname="agent-env-3ed2bcb8-ba5b-42d9-8dc8-fa370ace3239"><testcase classname="backend.tests.test_vibesdk_auth_api.TestCSRFToken" name="test_csrf_token_returns_success" time="0.267" /><testcase classname="backend.tests.test_vibesdk_auth_api.TestAuthProviders" name="test_auth_providers_returns_success" time="0.148" /><testcase classname="backend.tests.test_vibesdk_auth_api.TestRegistration" name="test_register_requires_csrf_token" time="0.217" /><testcase classname="backend.tests.test_vibesdk_auth_api.TestRegistration" name="test_register_with_csrf_token" time="0.298" /><testcase classname="backend.tests.test_vibesdk_auth_api.TestLogin" name="test_login_requires_csrf_token" time="0.143" /><testcase classname="backend.tests.test_vibesdk_auth_api.TestLogin" name="test_login_with_invalid_credentials" time="0.232" /><testcase classname="backend.tests.test_vibesdk_auth_api.TestLogin" name="test_login_with_test_credentials" time="0.271" /><testcase classname="backend.tests.test_vibesdk_auth_api.TestCapabilitiesAPI" name="test_capabilities_returns_success" time="0.146" /><testcase classname="backend.tests.test_vibesdk_auth_api.TestStatusAPI" name="test_status_returns_success" time="0.172" /><testcase classname="backend.tests.test_vibesdk_auth_api.TestPublicAppsAPI" name="test_public_apps_returns_success" time="0.153" /><testcase classname="backend.tests.test_vibesdk_auth_api.TestForkAPI" name="test_fork_requires_authentication" time="0.215" /></testsuite></testsuites>