<?xml version="1.0" encoding="utf-8"?><testsuites name="pytest tests"><testsuite name="pytest" errors="0" failures="0" skipped="0" tests="6" time="1.280" timestamp="2026-03-27T21:25:29.961104+00:00" hostname="agent-env-3ed2bcb8-ba5b-42d9-8dc8-fa370ace3239"><testcase classname="backend.tests.test_vibesdk_api.TestCapabilitiesAPI" name="test_capabilities_returns_success" time="0.223" /><testcase classname="backend.tests.test_vibesdk_api.TestCapabilitiesAPI" name="test_capabilities_has_app_feature" time="0.156" /><testcase classname="backend.tests.test_vibesdk_api.TestStatusAPI" name="test_status_returns_success" time="0.169" /><testcase classname="backend.tests.test_vibesdk_api.TestAuthAPI" name="test_auth_profile_returns_401_when_not_authenticated" time="0.171" /><testcase classname="backend.tests.test_vibesdk_api.TestAuthAPI" name="test_auth_providers_returns_success" time="0.137" /><testcase classname="backend.tests.test_vibesdk_api.TestPublicAppsAPI" name="test_public_apps_returns_success" time="0.211" /></testsuite></testsuites>